[01m[K/home/nuc/yi/vins/vins_catkin_ws/src/waypoint_navigator/src/waypoint_navigator_node.cpp:[m[K In member function â€˜[01m[Kvoid waypoint_navigator::WaypointNavigatorNode::computeGoal()[m[Kâ€™:
[01m[K/home/nuc/yi/vins/vins_catkin_ws/src/waypoint_navigator/src/waypoint_navigator_node.cpp:305:77:[m[K [01;31m[Kerror: [m[Kâ€˜[01m[KScalar[m[Kâ€™ was not declared in this scope
                 cv::circle(goalImage, cv::Point(goal_east, goal_north), 30, [01;31m[KScalar[m[K(0, 0, 255));
                                                                             [01;31m[K^~~~~~[m[K
[01m[K/home/nuc/yi/vins/vins_catkin_ws/src/waypoint_navigator/src/waypoint_navigator_node.cpp:305:77:[m[K [01;36m[Knote: [m[Ksuggested alternative:
In file included from [01m[K/home/nuc/yi/opencv3.4/cmake/include/opencv2/core.hpp:58:0[m[K,
                 from [01m[K/home/nuc/yi/opencv3.4/cmake/include/opencv2/opencv.hpp:52[m[K,
                 from [01m[K/home/nuc/yi/vins/vins_catkin_ws/src/waypoint_navigator/include/waypoint_navigator/waypoint_navigator_node.h:51[m[K,
                 from [01m[K/home/nuc/yi/vins/vins_catkin_ws/src/waypoint_navigator/src/waypoint_navigator_node.cpp:33[m[K:
[01m[K/home/nuc/yi/opencv3.4/cmake/include/opencv2/core/types.hpp:657:25:[m[K [01;36m[Knote: [m[K  â€˜[01m[Kcv::Scalar[m[Kâ€™
 typedef Scalar_<double> [01;36m[KScalar[m[K;
                         [01;36m[K^~~~~~[m[K
make[2]: *** [CMakeFiles/waypoint_navigator_node.dir/src/waypoint_navigator_node.cpp.o] é”™è¯¯ 1
make[1]: *** [CMakeFiles/waypoint_navigator_node.dir/all] é”™è¯¯ 2
make: *** [all] é”™è¯¯ 2
